2020-02-02 13:05:38,057 [Worker-1] INFO  c.g.t.t.d.PublishedGradleVersions - Gradle version information cache is up-to-date. Trying to read.
2020-02-02 13:12:44,651 [Worker-8] INFO  o.e.m.c.i.l.LifecycleMappingFactory - Using org.eclipse.m2e.jdt.JarLifecycleMapping lifecycle mapping for MavenProject: lostandfound:LostAndFoundApi:0.0.1-SNAPSHOT @ C:\java\SpingBoot\LostAndFoundApi\pom.xml.
2020-02-02 13:12:46,750 [Worker-8] INFO  o.e.m.c.i.embedder.EclipseLogger - Using 'UTF-8' encoding to copy filtered resources.
2020-02-02 13:12:46,758 [Worker-8] INFO  o.e.m.c.i.embedder.EclipseLogger - Copying 1 resource
2020-02-02 13:12:46,816 [Worker-8] INFO  o.e.m.c.i.embedder.EclipseLogger - Copying 0 resource
2020-02-02 13:12:46,823 [Worker-8] INFO  o.e.m.c.i.embedder.EclipseLogger - Using 'UTF-8' encoding to copy filtered resources.
2020-02-02 13:12:46,824 [Worker-8] INFO  o.e.m.c.i.embedder.EclipseLogger - skip non existing resourceDirectory C:\java\SpingBoot\LostAndFoundApi\src\test\resources
2020-02-02 13:12:49,104 [Worker-8] INFO  o.e.m.c.i.l.LifecycleMappingFactory - Using org.eclipse.m2e.jdt.JarLifecycleMapping lifecycle mapping for MavenProject: lostandfound:LostAndFoundApi:0.0.1-SNAPSHOT @ C:\java\SpingBoot\LostAndFoundApi\pom.xml.
2020-02-02 13:12:51,167 [Worker-15] INFO  o.e.m.c.i.embedder.EclipseLogger - Using 'UTF-8' encoding to copy filtered resources.
2020-02-02 13:12:51,176 [Worker-15] INFO  o.e.m.c.i.embedder.EclipseLogger - Copying 1 resource
2020-02-02 13:12:51,203 [Worker-15] INFO  o.e.m.c.i.embedder.EclipseLogger - Copying 0 resource
2020-02-02 13:12:51,209 [Worker-15] INFO  o.e.m.c.i.embedder.EclipseLogger - Using 'UTF-8' encoding to copy filtered resources.
2020-02-02 13:12:51,209 [Worker-15] INFO  o.e.m.c.i.embedder.EclipseLogger - skip non existing resourceDirectory C:\java\SpingBoot\LostAndFoundApi\src\test\resources
2020-02-02 13:12:53,937 [Worker-8] INFO  o.e.m.c.i.embedder.EclipseLogger - Using 'UTF-8' encoding to copy filtered resources.
2020-02-02 13:12:53,937 [Worker-8] INFO  o.e.m.c.i.embedder.EclipseLogger - Copying 0 resource
2020-02-02 13:12:53,938 [Worker-8] INFO  o.e.m.c.i.embedder.EclipseLogger - Copying 0 resource
2020-02-02 13:12:53,951 [Worker-8] INFO  o.e.m.c.i.embedder.EclipseLogger - Using 'UTF-8' encoding to copy filtered resources.
2020-02-02 13:12:53,951 [Worker-8] INFO  o.e.m.c.i.embedder.EclipseLogger - skip non existing resourceDirectory C:\java\SpingBoot\LostAndFoundApi\src\test\resources
2020-02-02 13:14:29,452 [Worker-15] INFO  o.e.m.c.i.p.ProjectConfigurationManager - Update started
2020-02-02 13:14:30,366 [Worker-15] INFO  o.e.m.c.i.l.LifecycleMappingFactory - Using org.eclipse.m2e.jdt.JarLifecycleMapping lifecycle mapping for MavenProject: lostandfound:LostAndFoundApi:0.0.1-SNAPSHOT @ C:\java\SpingBoot\LostAndFoundApi\pom.xml.
2020-02-02 13:14:31,283 [Worker-15] INFO  o.e.m.j.i.AbstractJavaProjectConfigurator - Adding source folder /LostAndFoundApi/src/main/java
2020-02-02 13:14:31,284 [Worker-15] INFO  o.e.m.j.i.AbstractJavaProjectConfigurator - Adding resource folder /LostAndFoundApi/src/main/resources
2020-02-02 13:14:31,285 [Worker-15] INFO  o.e.m.j.i.AbstractJavaProjectConfigurator - Adding resource folder /LostAndFoundApi/src/main/resources
2020-02-02 13:14:31,286 [Worker-15] INFO  o.e.m.j.i.AbstractJavaProjectConfigurator - Adding source folder /LostAndFoundApi/src/test/java
2020-02-02 13:14:31,594 [Worker-15] INFO  o.e.m.c.i.p.ProjectConfigurationManager - Update completed: 2 sec
2020-02-02 13:14:32,743 [Worker-19] INFO  o.e.m.c.i.embedder.EclipseLogger - Using 'UTF-8' encoding to copy filtered resources.
2020-02-02 13:14:32,744 [Worker-19] INFO  o.e.m.c.i.embedder.EclipseLogger - Copying 1 resource
2020-02-02 13:14:32,767 [Worker-19] INFO  o.e.m.c.i.embedder.EclipseLogger - Copying 0 resource
2020-02-02 13:14:32,771 [Worker-19] INFO  o.e.m.c.i.embedder.EclipseLogger - Using 'UTF-8' encoding to copy filtered resources.
2020-02-02 13:14:32,772 [Worker-19] INFO  o.e.m.c.i.embedder.EclipseLogger - skip non existing resourceDirectory C:\java\SpingBoot\LostAndFoundApi\src\test\resources
2020-02-02 13:18:58,582 [Worker-3] INFO  c.g.t.t.d.PublishedGradleVersions - Gradle version information cache is up-to-date. Trying to read.
2020-02-02 13:19:58,814 [Worker-6] INFO  o.e.m.c.i.embedder.EclipseLogger - Using 'UTF-8' encoding to copy filtered resources.
2020-02-02 13:19:58,822 [Worker-6] INFO  o.e.m.c.i.embedder.EclipseLogger - Copying 1 resource
2020-02-02 13:19:58,842 [Worker-6] INFO  o.e.m.c.i.embedder.EclipseLogger - Copying 0 resource
2020-02-02 13:19:58,848 [Worker-6] INFO  o.e.m.c.i.embedder.EclipseLogger - Using 'UTF-8' encoding to copy filtered resources.
2020-02-02 13:19:58,849 [Worker-6] INFO  o.e.m.c.i.embedder.EclipseLogger - skip non existing resourceDirectory C:\java\SpingBoot\LostAndFoundApi\src\test\resources
2020-02-02 13:24:41,664 [Worker-4] WARN  o.e.r.models.ModelRepository - Failed to download org.eclipse.recommenders:index::zip:0.0.0
org.eclipse.aether.resolution.ArtifactResolutionException: Could not find artifact org.eclipse.recommenders:index:zip:0.0.0-SNAPSHOT in models (http://download.eclipse.org/recommenders/models/oxygen/)
	at org.eclipse.aether.internal.impl.DefaultArtifactResolver.resolve(DefaultArtifactResolver.java:453) ~[na:na]
	at org.eclipse.aether.internal.impl.DefaultArtifactResolver.resolveArtifacts(DefaultArtifactResolver.java:255) ~[na:na]
	at org.eclipse.aether.internal.impl.DefaultArtifactResolver.resolveArtifact(DefaultArtifactResolver.java:232) ~[na:na]
	at org.eclipse.aether.internal.impl.DefaultRepositorySystem.resolveArtifact(DefaultRepositorySystem.java:303) ~[na:na]
	at org.eclipse.recommenders.models.ModelRepository.resolveInternal(ModelRepository.java:193) [org.eclipse.recommenders.models_2.5.2.v20180401-1226.jar:na]
	at org.eclipse.recommenders.models.ModelRepository.resolve(ModelRepository.java:172) [org.eclipse.recommenders.models_2.5.2.v20180401-1226.jar:na]
	at org.eclipse.recommenders.internal.models.rcp.EclipseModelRepository.resolve(EclipseModelRepository.java:168) [org.eclipse.recommenders.models.rcp_2.5.2.v20180401-1226.jar:na]
	at org.eclipse.recommenders.internal.models.rcp.DownloadModelArchiveJob.run(DownloadModelArchiveJob.java:76) [org.eclipse.recommenders.models.rcp_2.5.2.v20180401-1226.jar:na]
	at org.eclipse.core.internal.jobs.Worker.run(Worker.java:56) [org.eclipse.core.jobs_3.9.3.v20180115-1757.jar:na]
Caused by: org.eclipse.aether.transfer.ArtifactNotFoundException: Could not find artifact org.eclipse.recommenders:index:zip:0.0.0-SNAPSHOT in models (http://download.eclipse.org/recommenders/models/oxygen/)
	at org.eclipse.aether.connector.basic.ArtifactTransportListener.transferFailed(ArtifactTransportListener.java:48) ~[org.apache.maven.resolver.connector.basic_1.0.3.v20170405-0725.jar:1.0.3]
	at org.eclipse.aether.connector.basic.BasicRepositoryConnector$TaskRunner.run(BasicRepositoryConnector.java:364) ~[org.apache.maven.resolver.connector.basic_1.0.3.v20170405-0725.jar:1.0.3]
	at org.eclipse.aether.util.concurrency.RunnableErrorForwarder$1.run(RunnableErrorForwarder.java:76) ~[na:na]
	at org.eclipse.aether.connector.basic.BasicRepositoryConnector$DirectExecutor.execute(BasicRepositoryConnector.java:590) ~[org.apache.maven.resolver.connector.basic_1.0.3.v20170405-0725.jar:1.0.3]
	at org.eclipse.aether.connector.basic.BasicRepositoryConnector.get(BasicRepositoryConnector.java:258) ~[org.apache.maven.resolver.connector.basic_1.0.3.v20170405-0725.jar:1.0.3]
	at org.eclipse.aether.internal.impl.DefaultArtifactResolver.performDownloads(DefaultArtifactResolver.java:529) ~[na:na]
	at org.eclipse.aether.internal.impl.DefaultArtifactResolver.resolve(DefaultArtifactResolver.java:430) ~[na:na]
	... 8 common frames omitted
2020-02-02 13:43:17,065 [Worker-21] INFO  o.e.m.c.i.embedder.EclipseLogger - Using 'UTF-8' encoding to copy filtered resources.
2020-02-02 13:43:17,089 [Worker-21] INFO  o.e.m.c.i.embedder.EclipseLogger - Copying 1 resource
2020-02-02 13:43:17,092 [Worker-21] INFO  o.e.m.c.i.embedder.EclipseLogger - Copying 0 resource
2020-02-02 13:43:17,096 [Worker-21] INFO  o.e.m.c.i.embedder.EclipseLogger - Using 'UTF-8' encoding to copy filtered resources.
2020-02-02 13:43:17,096 [Worker-21] INFO  o.e.m.c.i.embedder.EclipseLogger - skip non existing resourceDirectory C:\java\SpingBoot\LostAndFoundApi\src\test\resources
2020-02-02 13:43:39,126 [Worker-22] INFO  o.e.m.c.i.embedder.EclipseLogger - Using 'UTF-8' encoding to copy filtered resources.
2020-02-02 13:43:39,128 [Worker-22] INFO  o.e.m.c.i.embedder.EclipseLogger - Copying 1 resource
2020-02-02 13:43:39,130 [Worker-22] INFO  o.e.m.c.i.embedder.EclipseLogger - Copying 0 resource
2020-02-02 13:43:39,134 [Worker-22] INFO  o.e.m.c.i.embedder.EclipseLogger - Using 'UTF-8' encoding to copy filtered resources.
2020-02-02 13:43:39,134 [Worker-22] INFO  o.e.m.c.i.embedder.EclipseLogger - skip non existing resourceDirectory C:\java\SpingBoot\LostAndFoundApi\src\test\resources
2020-02-02 13:43:51,894 [Worker-22] INFO  o.e.m.c.i.embedder.EclipseLogger - Using 'UTF-8' encoding to copy filtered resources.
2020-02-02 13:43:51,895 [Worker-22] INFO  o.e.m.c.i.embedder.EclipseLogger - Copying 1 resource
2020-02-02 13:43:51,897 [Worker-22] INFO  o.e.m.c.i.embedder.EclipseLogger - Copying 0 resource
2020-02-02 13:43:51,901 [Worker-22] INFO  o.e.m.c.i.embedder.EclipseLogger - Using 'UTF-8' encoding to copy filtered resources.
2020-02-02 13:43:51,901 [Worker-22] INFO  o.e.m.c.i.embedder.EclipseLogger - skip non existing resourceDirectory C:\java\SpingBoot\LostAndFoundApi\src\test\resources
2020-02-02 13:47:15,218 [Worker-17] INFO  o.e.m.c.i.embedder.EclipseLogger - Using 'UTF-8' encoding to copy filtered resources.
2020-02-02 13:47:15,220 [Worker-17] INFO  o.e.m.c.i.embedder.EclipseLogger - Copying 1 resource
2020-02-02 13:47:15,222 [Worker-17] INFO  o.e.m.c.i.embedder.EclipseLogger - Copying 0 resource
2020-02-02 13:47:15,225 [Worker-17] INFO  o.e.m.c.i.embedder.EclipseLogger - Using 'UTF-8' encoding to copy filtered resources.
2020-02-02 13:47:15,226 [Worker-17] INFO  o.e.m.c.i.embedder.EclipseLogger - skip non existing resourceDirectory C:\java\SpingBoot\LostAndFoundApi\src\test\resources
2020-02-02 13:47:17,737 [Worker-22] INFO  o.e.m.c.i.embedder.EclipseLogger - Using 'UTF-8' encoding to copy filtered resources.
2020-02-02 13:47:17,738 [Worker-22] INFO  o.e.m.c.i.embedder.EclipseLogger - Copying 1 resource
2020-02-02 13:47:17,740 [Worker-22] INFO  o.e.m.c.i.embedder.EclipseLogger - Copying 0 resource
2020-02-02 13:47:17,743 [Worker-22] INFO  o.e.m.c.i.embedder.EclipseLogger - Using 'UTF-8' encoding to copy filtered resources.
2020-02-02 13:47:17,744 [Worker-22] INFO  o.e.m.c.i.embedder.EclipseLogger - skip non existing resourceDirectory C:\java\SpingBoot\LostAndFoundApi\src\test\resources
2020-02-02 13:47:29,133 [Worker-23] INFO  o.e.m.c.i.embedder.EclipseLogger - Using 'UTF-8' encoding to copy filtered resources.
2020-02-02 13:47:29,134 [Worker-23] INFO  o.e.m.c.i.embedder.EclipseLogger - Copying 1 resource
2020-02-02 13:47:29,137 [Worker-23] INFO  o.e.m.c.i.embedder.EclipseLogger - Copying 0 resource
2020-02-02 13:47:29,140 [Worker-23] INFO  o.e.m.c.i.embedder.EclipseLogger - Using 'UTF-8' encoding to copy filtered resources.
2020-02-02 13:47:29,140 [Worker-23] INFO  o.e.m.c.i.embedder.EclipseLogger - skip non existing resourceDirectory C:\java\SpingBoot\LostAndFoundApi\src\test\resources
2020-02-02 13:47:39,453 [Worker-21] INFO  o.e.m.c.i.embedder.EclipseLogger - Using 'UTF-8' encoding to copy filtered resources.
2020-02-02 13:47:39,457 [Worker-21] INFO  o.e.m.c.i.embedder.EclipseLogger - Copying 1 resource
2020-02-02 13:47:39,462 [Worker-21] INFO  o.e.m.c.i.embedder.EclipseLogger - Copying 0 resource
2020-02-02 13:47:39,470 [Worker-21] INFO  o.e.m.c.i.embedder.EclipseLogger - Using 'UTF-8' encoding to copy filtered resources.
2020-02-02 13:47:39,470 [Worker-21] INFO  o.e.m.c.i.embedder.EclipseLogger - skip non existing resourceDirectory C:\java\SpingBoot\LostAndFoundApi\src\test\resources
2020-02-02 14:28:11,625 [Worker-33] INFO  o.e.m.c.i.embedder.EclipseLogger - Using 'UTF-8' encoding to copy filtered resources.
2020-02-02 14:28:11,644 [Worker-33] INFO  o.e.m.c.i.embedder.EclipseLogger - Copying 1 resource
2020-02-02 14:28:11,646 [Worker-33] INFO  o.e.m.c.i.embedder.EclipseLogger - Copying 0 resource
2020-02-02 14:28:11,648 [Worker-33] INFO  o.e.m.c.i.embedder.EclipseLogger - Using 'UTF-8' encoding to copy filtered resources.
2020-02-02 14:28:11,649 [Worker-33] INFO  o.e.m.c.i.embedder.EclipseLogger - skip non existing resourceDirectory C:\java\SpingBoot\LostAndFoundApi\src\test\resources
2020-02-02 14:28:44,550 [Worker-33] INFO  o.e.m.c.i.embedder.EclipseLogger - Using 'UTF-8' encoding to copy filtered resources.
2020-02-02 14:28:44,551 [Worker-33] INFO  o.e.m.c.i.embedder.EclipseLogger - Copying 1 resource
2020-02-02 14:28:44,554 [Worker-33] INFO  o.e.m.c.i.embedder.EclipseLogger - Copying 0 resource
2020-02-02 14:28:44,557 [Worker-33] INFO  o.e.m.c.i.embedder.EclipseLogger - Using 'UTF-8' encoding to copy filtered resources.
2020-02-02 14:28:44,557 [Worker-33] INFO  o.e.m.c.i.embedder.EclipseLogger - skip non existing resourceDirectory C:\java\SpingBoot\LostAndFoundApi\src\test\resources
2020-02-02 14:30:17,628 [Worker-22] INFO  o.e.m.c.i.embedder.EclipseLogger - Using 'UTF-8' encoding to copy filtered resources.
2020-02-02 14:30:17,629 [Worker-22] INFO  o.e.m.c.i.embedder.EclipseLogger - Copying 1 resource
2020-02-02 14:30:17,631 [Worker-22] INFO  o.e.m.c.i.embedder.EclipseLogger - Copying 0 resource
2020-02-02 14:30:17,635 [Worker-22] INFO  o.e.m.c.i.embedder.EclipseLogger - Using 'UTF-8' encoding to copy filtered resources.
2020-02-02 14:30:17,635 [Worker-22] INFO  o.e.m.c.i.embedder.EclipseLogger - skip non existing resourceDirectory C:\java\SpingBoot\LostAndFoundApi\src\test\resources
2020-02-02 14:30:30,395 [Worker-33] INFO  o.e.m.c.i.embedder.EclipseLogger - Using 'UTF-8' encoding to copy filtered resources.
2020-02-02 14:30:30,395 [Worker-33] INFO  o.e.m.c.i.embedder.EclipseLogger - Copying 1 resource
2020-02-02 14:30:30,397 [Worker-33] INFO  o.e.m.c.i.embedder.EclipseLogger - Copying 0 resource
2020-02-02 14:30:30,399 [Worker-33] INFO  o.e.m.c.i.embedder.EclipseLogger - Using 'UTF-8' encoding to copy filtered resources.
2020-02-02 14:30:30,400 [Worker-33] INFO  o.e.m.c.i.embedder.EclipseLogger - skip non existing resourceDirectory C:\java\SpingBoot\LostAndFoundApi\src\test\resources
2020-02-02 14:30:37,186 [Worker-22] INFO  o.e.m.c.i.embedder.EclipseLogger - Using 'UTF-8' encoding to copy filtered resources.
2020-02-02 14:30:37,186 [Worker-22] INFO  o.e.m.c.i.embedder.EclipseLogger - Copying 1 resource
2020-02-02 14:30:37,188 [Worker-22] INFO  o.e.m.c.i.embedder.EclipseLogger - Copying 0 resource
2020-02-02 14:30:37,190 [Worker-22] INFO  o.e.m.c.i.embedder.EclipseLogger - Using 'UTF-8' encoding to copy filtered resources.
2020-02-02 14:30:37,191 [Worker-22] INFO  o.e.m.c.i.embedder.EclipseLogger - skip non existing resourceDirectory C:\java\SpingBoot\LostAndFoundApi\src\test\resources
2020-02-02 14:30:54,872 [Worker-22] INFO  o.e.m.c.i.embedder.EclipseLogger - Using 'UTF-8' encoding to copy filtered resources.
2020-02-02 14:30:54,874 [Worker-22] INFO  o.e.m.c.i.embedder.EclipseLogger - Copying 1 resource
2020-02-02 14:30:54,876 [Worker-22] INFO  o.e.m.c.i.embedder.EclipseLogger - Copying 0 resource
2020-02-02 14:30:54,879 [Worker-22] INFO  o.e.m.c.i.embedder.EclipseLogger - Using 'UTF-8' encoding to copy filtered resources.
2020-02-02 14:30:54,880 [Worker-22] INFO  o.e.m.c.i.embedder.EclipseLogger - skip non existing resourceDirectory C:\java\SpingBoot\LostAndFoundApi\src\test\resources
2020-02-02 14:31:04,672 [Worker-33] INFO  o.e.m.c.i.embedder.EclipseLogger - Using 'UTF-8' encoding to copy filtered resources.
2020-02-02 14:31:04,673 [Worker-33] INFO  o.e.m.c.i.embedder.EclipseLogger - Copying 1 resource
2020-02-02 14:31:04,676 [Worker-33] INFO  o.e.m.c.i.embedder.EclipseLogger - Copying 0 resource
2020-02-02 14:31:04,678 [Worker-33] INFO  o.e.m.c.i.embedder.EclipseLogger - Using 'UTF-8' encoding to copy filtered resources.
2020-02-02 14:31:04,678 [Worker-33] INFO  o.e.m.c.i.embedder.EclipseLogger - skip non existing resourceDirectory C:\java\SpingBoot\LostAndFoundApi\src\test\resources
2020-02-02 14:31:29,074 [Worker-25] INFO  o.e.m.c.i.embedder.EclipseLogger - Using 'UTF-8' encoding to copy filtered resources.
2020-02-02 14:31:29,075 [Worker-25] INFO  o.e.m.c.i.embedder.EclipseLogger - Copying 1 resource
2020-02-02 14:31:29,077 [Worker-25] INFO  o.e.m.c.i.embedder.EclipseLogger - Copying 0 resource
2020-02-02 14:31:29,083 [Worker-25] INFO  o.e.m.c.i.embedder.EclipseLogger - Using 'UTF-8' encoding to copy filtered resources.
2020-02-02 14:31:29,083 [Worker-25] INFO  o.e.m.c.i.embedder.EclipseLogger - skip non existing resourceDirectory C:\java\SpingBoot\LostAndFoundApi\src\test\resources
2020-02-02 14:32:00,065 [Worker-22] INFO  o.e.m.c.i.embedder.EclipseLogger - Using 'UTF-8' encoding to copy filtered resources.
2020-02-02 14:32:00,066 [Worker-22] INFO  o.e.m.c.i.embedder.EclipseLogger - Copying 1 resource
2020-02-02 14:32:00,068 [Worker-22] INFO  o.e.m.c.i.embedder.EclipseLogger - Copying 0 resource
2020-02-02 14:32:00,071 [Worker-22] INFO  o.e.m.c.i.embedder.EclipseLogger - Using 'UTF-8' encoding to copy filtered resources.
2020-02-02 14:32:00,072 [Worker-22] INFO  o.e.m.c.i.embedder.EclipseLogger - skip non existing resourceDirectory C:\java\SpingBoot\LostAndFoundApi\src\test\resources
2020-02-02 14:32:50,033 [Worker-33] INFO  o.e.m.c.i.embedder.EclipseLogger - Using 'UTF-8' encoding to copy filtered resources.
2020-02-02 14:32:50,034 [Worker-33] INFO  o.e.m.c.i.embedder.EclipseLogger - Copying 1 resource
2020-02-02 14:32:50,036 [Worker-33] INFO  o.e.m.c.i.embedder.EclipseLogger - Copying 0 resource
2020-02-02 14:32:50,039 [Worker-33] INFO  o.e.m.c.i.embedder.EclipseLogger - Using 'UTF-8' encoding to copy filtered resources.
2020-02-02 14:32:50,039 [Worker-33] INFO  o.e.m.c.i.embedder.EclipseLogger - skip non existing resourceDirectory C:\java\SpingBoot\LostAndFoundApi\src\test\resources
2020-02-02 14:32:55,018 [Worker-25] INFO  o.e.m.c.i.embedder.EclipseLogger - Using 'UTF-8' encoding to copy filtered resources.
2020-02-02 14:32:55,019 [Worker-25] INFO  o.e.m.c.i.embedder.EclipseLogger - Copying 1 resource
2020-02-02 14:32:55,021 [Worker-25] INFO  o.e.m.c.i.embedder.EclipseLogger - Copying 0 resource
2020-02-02 14:32:55,023 [Worker-25] INFO  o.e.m.c.i.embedder.EclipseLogger - Using 'UTF-8' encoding to copy filtered resources.
2020-02-02 14:32:55,024 [Worker-25] INFO  o.e.m.c.i.embedder.EclipseLogger - skip non existing resourceDirectory C:\java\SpingBoot\LostAndFoundApi\src\test\resources
2020-02-02 14:33:21,526 [Worker-25] INFO  o.e.m.c.i.embedder.EclipseLogger - Using 'UTF-8' encoding to copy filtered resources.
2020-02-02 14:33:21,527 [Worker-25] INFO  o.e.m.c.i.embedder.EclipseLogger - Copying 1 resource
2020-02-02 14:33:21,529 [Worker-25] INFO  o.e.m.c.i.embedder.EclipseLogger - Copying 0 resource
2020-02-02 14:33:21,532 [Worker-25] INFO  o.e.m.c.i.embedder.EclipseLogger - Using 'UTF-8' encoding to copy filtered resources.
2020-02-02 14:33:21,532 [Worker-25] INFO  o.e.m.c.i.embedder.EclipseLogger - skip non existing resourceDirectory C:\java\SpingBoot\LostAndFoundApi\src\test\resources
2020-02-02 14:33:32,363 [Worker-33] INFO  o.e.m.c.i.embedder.EclipseLogger - Using 'UTF-8' encoding to copy filtered resources.
2020-02-02 14:33:32,363 [Worker-33] INFO  o.e.m.c.i.embedder.EclipseLogger - Copying 1 resource
2020-02-02 14:33:32,365 [Worker-33] INFO  o.e.m.c.i.embedder.EclipseLogger - Copying 0 resource
2020-02-02 14:33:32,367 [Worker-33] INFO  o.e.m.c.i.embedder.EclipseLogger - Using 'UTF-8' encoding to copy filtered resources.
2020-02-02 14:33:32,367 [Worker-33] INFO  o.e.m.c.i.embedder.EclipseLogger - skip non existing resourceDirectory C:\java\SpingBoot\LostAndFoundApi\src\test\resources
2020-02-02 14:33:36,497 [Worker-33] INFO  o.e.m.c.i.embedder.EclipseLogger - Using 'UTF-8' encoding to copy filtered resources.
2020-02-02 14:33:36,498 [Worker-33] INFO  o.e.m.c.i.embedder.EclipseLogger - Copying 1 resource
2020-02-02 14:33:36,499 [Worker-33] INFO  o.e.m.c.i.embedder.EclipseLogger - Copying 0 resource
2020-02-02 14:33:36,502 [Worker-33] INFO  o.e.m.c.i.embedder.EclipseLogger - Using 'UTF-8' encoding to copy filtered resources.
2020-02-02 14:33:36,502 [Worker-33] INFO  o.e.m.c.i.embedder.EclipseLogger - skip non existing resourceDirectory C:\java\SpingBoot\LostAndFoundApi\src\test\resources
2020-02-02 15:24:12,913 [Worker-2] INFO  c.g.t.t.d.PublishedGradleVersions - Gradle version information cache is up-to-date. Trying to read.
2020-02-02 15:24:38,148 [Worker-8] INFO  o.e.m.c.i.embedder.EclipseLogger - Using 'UTF-8' encoding to copy filtered resources.
2020-02-02 15:24:38,156 [Worker-8] INFO  o.e.m.c.i.embedder.EclipseLogger - Copying 1 resource
2020-02-02 15:24:38,197 [Worker-8] INFO  o.e.m.c.i.embedder.EclipseLogger - Copying 0 resource
2020-02-02 15:24:38,203 [Worker-8] INFO  o.e.m.c.i.embedder.EclipseLogger - Using 'UTF-8' encoding to copy filtered resources.
2020-02-02 15:24:38,204 [Worker-8] INFO  o.e.m.c.i.embedder.EclipseLogger - skip non existing resourceDirectory C:\java\LostAndFound\LostAndFoundApi\src\test\resources
